mode: set
diegomarangoni.dev/typenv/boolean.go:10.47,15.10 3 1
diegomarangoni.dev/typenv/boolean.go:25.2,25.13 1 1
diegomarangoni.dev/typenv/boolean.go:15.10,16.25 1 1
diegomarangoni.dev/typenv/boolean.go:20.3,20.39 1 1
diegomarangoni.dev/typenv/boolean.go:16.25,18.4 1 0
diegomarangoni.dev/typenv/boolean.go:20.39,22.4 1 0
diegomarangoni.dev/typenv/boolean.go:26.31,27.14 1 1
diegomarangoni.dev/typenv/boolean.go:29.10,30.15 1 1
diegomarangoni.dev/typenv/defaults.go:17.31,18.95 1 1
diegomarangoni.dev/typenv/defaults.go:22.2,28.22 6 1
diegomarangoni.dev/typenv/defaults.go:18.95,19.54 1 0
diegomarangoni.dev/typenv/defaults.go:28.22,29.31 1 1
diegomarangoni.dev/typenv/defaults.go:30.29,31.35 1 0
diegomarangoni.dev/typenv/defaults.go:33.33,34.45 1 0
diegomarangoni.dev/typenv/defaults.go:36.57,37.31 1 0
diegomarangoni.dev/typenv/defaults.go:47.96,48.31 1 1
diegomarangoni.dev/typenv/defaults.go:62.31,63.36 1 1
diegomarangoni.dev/typenv/defaults.go:38.17,39.25 1 0
diegomarangoni.dev/typenv/defaults.go:40.17,41.34 1 0
diegomarangoni.dev/typenv/defaults.go:43.12,44.67 1 0
diegomarangoni.dev/typenv/defaults.go:49.15,50.27 1 0
diegomarangoni.dev/typenv/defaults.go:51.15,52.34 1 1
diegomarangoni.dev/typenv/defaults.go:53.14,54.34 1 0
diegomarangoni.dev/typenv/defaults.go:55.13,56.34 1 0
diegomarangoni.dev/typenv/defaults.go:58.12,59.69 1 0
diegomarangoni.dev/typenv/defaults.go:75.56,77.2 1 1
diegomarangoni.dev/typenv/duration.go:9.69,14.32 3 1
diegomarangoni.dev/typenv/duration.go:18.2,20.38 2 1
diegomarangoni.dev/typenv/duration.go:24.2,24.12 1 1
diegomarangoni.dev/typenv/duration.go:14.32,16.3 1 1
diegomarangoni.dev/typenv/duration.go:20.38,22.3 1 0
diegomarangoni.dev/typenv/floats.go:9.56,14.10 3 1
diegomarangoni.dev/typenv/floats.go:24.2,26.16 2 1
diegomarangoni.dev/typenv/floats.go:36.2,36.12 1 1
diegomarangoni.dev/typenv/floats.go:14.10,15.25 1 1
diegomarangoni.dev/typenv/floats.go:19.3,19.37 1 1
diegomarangoni.dev/typenv/floats.go:15.25,17.4 1 1
diegomarangoni.dev/typenv/floats.go:19.37,21.4 1 0
diegomarangoni.dev/typenv/floats.go:26.16,27.25 1 1
diegomarangoni.dev/typenv/floats.go:31.3,31.37 1 1
diegomarangoni.dev/typenv/floats.go:27.25,29.4 1 0
diegomarangoni.dev/typenv/floats.go:31.37,33.4 1 0
diegomarangoni.dev/typenv/floats.go:40.56,43.24 2 1
diegomarangoni.dev/typenv/floats.go:47.2,49.21 2 1
diegomarangoni.dev/typenv/floats.go:43.24,45.3 1 1
diegomarangoni.dev/typenv/integers.go:9.50,14.10 3 1
diegomarangoni.dev/typenv/integers.go:24.2,26.16 2 1
diegomarangoni.dev/typenv/integers.go:36.2,36.12 1 1
diegomarangoni.dev/typenv/integers.go:14.10,15.25 1 1
diegomarangoni.dev/typenv/integers.go:19.3,19.39 1 1
diegomarangoni.dev/typenv/integers.go:15.25,17.4 1 1
diegomarangoni.dev/typenv/integers.go:19.39,21.4 1 1
diegomarangoni.dev/typenv/integers.go:26.16,27.25 1 1
diegomarangoni.dev/typenv/integers.go:31.3,31.39 1 1
diegomarangoni.dev/typenv/integers.go:27.25,29.4 1 0
diegomarangoni.dev/typenv/integers.go:31.39,33.4 1 0
diegomarangoni.dev/typenv/integers.go:40.50,43.24 2 1
diegomarangoni.dev/typenv/integers.go:47.2,49.19 2 1
diegomarangoni.dev/typenv/integers.go:43.24,45.3 1 1
diegomarangoni.dev/typenv/integers.go:53.47,56.24 2 1
diegomarangoni.dev/typenv/integers.go:60.2,62.18 2 1
diegomarangoni.dev/typenv/integers.go:56.24,58.3 1 1
diegomarangoni.dev/typenv/integers.go:66.44,69.24 2 1
diegomarangoni.dev/typenv/integers.go:73.2,75.17 2 1
diegomarangoni.dev/typenv/integers.go:69.24,71.3 1 1
diegomarangoni.dev/typenv/string.go:8.53,13.10 3 1
diegomarangoni.dev/typenv/string.go:23.2,23.12 1 1
diegomarangoni.dev/typenv/string.go:13.10,14.25 1 1
diegomarangoni.dev/typenv/string.go:18.3,18.38 1 1
diegomarangoni.dev/typenv/string.go:14.25,16.4 1 1
diegomarangoni.dev/typenv/string.go:18.38,20.4 1 1
diegomarangoni.dev/typenv/typenv.go:8.13,10.2 1 1
diegomarangoni.dev/typenv/typenv.go:12.23,13.34 1 1
diegomarangoni.dev/typenv/typenv.go:13.34,17.3 3 1
